0 info it worked if it ends with ok
1 verbose cli [ '/usr/local/bin/node',
1 verbose cli   '/usr/local/bin/npm',
1 verbose cli   'install',
1 verbose cli   'base64' ]
2 info using npm@3.6.0
3 info using node@v4.1.2
4 silly loadCurrentTree Starting
5 silly install loadCurrentTree
6 silly install readLocalPackageData
7 silly fetchPackageMetaData base64
8 silly fetchNamedPackageData base64
9 silly mapToRegistry name base64
10 silly mapToRegistry using default registry
11 silly mapToRegistry registry https://registry.npmjs.org/
12 silly mapToRegistry uri https://registry.npmjs.org/base64
13 verbose request uri https://registry.npmjs.org/base64
14 verbose request no auth needed
15 info attempt registry request try #1 at 3:36:53 PM
16 verbose request id f0fc895fc4a733fb
17 http request GET https://registry.npmjs.org/base64
18 http 200 https://registry.npmjs.org/base64
19 verbose headers { server: 'CouchDB/1.5.0 (Erlang OTP/R16B03)',
19 verbose headers   etag: '"2HUBENGYKYW770NDYMFRC95I0"',
19 verbose headers   'content-type': 'application/json',
19 verbose headers   'cache-control': 'max-age=300',
19 verbose headers   'content-length': '11270',
19 verbose headers   'accept-ranges': 'bytes',
19 verbose headers   date: 'Wed, 02 Mar 2016 13:36:54 GMT',
19 verbose headers   via: '1.1 varnish',
19 verbose headers   age: '0',
19 verbose headers   connection: 'keep-alive',
19 verbose headers   'x-served-by': 'cache-fra1246-FRA',
19 verbose headers   'x-cache': 'MISS',
19 verbose headers   'x-cache-hits': '0',
19 verbose headers   'x-timer': 'S1456925813.931511,VS0,VE188',
19 verbose headers   vary: 'Accept' }
20 silly get cb [ 200,
20 silly get   { server: 'CouchDB/1.5.0 (Erlang OTP/R16B03)',
20 silly get     etag: '"2HUBENGYKYW770NDYMFRC95I0"',
20 silly get     'content-type': 'application/json',
20 silly get     'cache-control': 'max-age=300',
20 silly get     'content-length': '11270',
20 silly get     'accept-ranges': 'bytes',
20 silly get     date: 'Wed, 02 Mar 2016 13:36:54 GMT',
20 silly get     via: '1.1 varnish',
20 silly get     age: '0',
20 silly get     connection: 'keep-alive',
20 silly get     'x-served-by': 'cache-fra1246-FRA',
20 silly get     'x-cache': 'MISS',
20 silly get     'x-cache-hits': '0',
20 silly get     'x-timer': 'S1456925813.931511,VS0,VE188',
20 silly get     vary: 'Accept' } ]
21 verbose get saving base64 to /Users/AndrewAxeman/.npm/registry.npmjs.org/base64/.cache.json
22 verbose correctMkdir /Users/AndrewAxeman/.npm correctMkdir not in flight; initializing
23 silly install normalizeTree
24 silly loadCurrentTree Finishing
25 silly loadIdealTree Starting
26 silly install loadIdealTree
27 silly cloneCurrentTree Starting
28 silly install cloneCurrentTreeToIdealTree
29 silly cloneCurrentTree Finishing
30 silly loadShrinkwrap Starting
31 silly install loadShrinkwrap
32 silly loadShrinkwrap Finishing
33 silly loadAllDepsIntoIdealTree Starting
34 silly install loadAllDepsIntoIdealTree
35 silly resolveWithNewModule base64@2.1.0 checking installable status
36 silly cache add args [ 'base64', null ]
37 verbose cache add spec base64
38 silly cache add parsed spec Result {
38 silly cache add   raw: 'base64',
38 silly cache add   scope: null,
38 silly cache add   name: 'base64',
38 silly cache add   rawSpec: '',
38 silly cache add   spec: 'latest',
38 silly cache add   type: 'tag' }
39 silly addNamed base64@latest
40 verbose addNamed "latest" is being treated as a dist-tag for base64
41 info addNameTag [ 'base64', 'latest' ]
42 silly mapToRegistry name base64
43 silly mapToRegistry using default registry
44 silly mapToRegistry registry https://registry.npmjs.org/
45 silly mapToRegistry uri https://registry.npmjs.org/base64
46 verbose addNameTag registry:https://registry.npmjs.org/base64 not in flight; fetching
47 verbose get https://registry.npmjs.org/base64 not expired, no request
48 silly addNameTag next cb for base64 with tag latest
49 silly addNamed base64@2.1.0
50 verbose addNamed "2.1.0" is a plain semver version for base64
51 silly mapToRegistry name base64
52 silly mapToRegistry using default registry
53 silly mapToRegistry registry https://registry.npmjs.org/
54 silly mapToRegistry uri https://registry.npmjs.org/base64
55 verbose addRemoteTarball https://registry.npmjs.org/base64/-/base64-2.1.0.tgz not in flight; adding
56 verbose addRemoteTarball [ 'https://registry.npmjs.org/base64/-/base64-2.1.0.tgz',
56 verbose addRemoteTarball   'c2663daf069203b758fb12b91c516fae87963314' ]
57 info retry fetch attempt 1 at 3:36:54 PM
58 info attempt registry request try #1 at 3:36:54 PM
59 http fetch GET https://registry.npmjs.org/base64/-/base64-2.1.0.tgz
60 http fetch 200 https://registry.npmjs.org/base64/-/base64-2.1.0.tgz
61 silly fetchAndShaCheck shasum c2663daf069203b758fb12b91c516fae87963314
62 verbose addTmpTarball /var/folders/3z/4lfyf7zs78jc276n7fjr_ynr0000gp/T/npm-31391-d87445b2/registry.npmjs.org/base64/-/base64-2.1.0.tgz not in flight; adding
63 verbose addTmpTarball already have metadata; skipping unpack for base64@2.1.0
64 verbose correctMkdir /Users/AndrewAxeman/.npm correctMkdir not in flight; initializing
65 silly cache afterAdd base64@2.1.0
66 verbose afterAdd /Users/AndrewAxeman/.npm/base64/2.1.0/package/package.json not in flight; writing
67 verbose correctMkdir /Users/AndrewAxeman/.npm correctMkdir not in flight; initializing
68 verbose afterAdd /Users/AndrewAxeman/.npm/base64/2.1.0/package/package.json written
69 silly loadAllDepsIntoIdealTree Finishing
70 silly idealTree:prePrune pagebuilder@1.0.0
70 silly idealTree:prePrune ├── accepts@1.2.13
70 silly idealTree:prePrune ├── array-flatten@1.1.1
70 silly idealTree:prePrune ├── async@1.5.2
70 silly idealTree:prePrune ├── base64@2.1.0
70 silly idealTree:prePrune ├── bluebird@2.9.26
70 silly idealTree:prePrune ├─┬ body-parser@1.15.0
70 silly idealTree:prePrune │ ├── http-errors@1.4.0
70 silly idealTree:prePrune │ └── qs@6.1.0
70 silly idealTree:prePrune ├── bson@0.4.21
70 silly idealTree:prePrune ├── bytes@2.2.0
70 silly idealTree:prePrune ├── content-disposition@0.5.1
70 silly idealTree:prePrune ├── content-type@1.0.1
70 silly idealTree:prePrune ├── cookie-signature@1.0.6
70 silly idealTree:prePrune ├── cookie@0.1.5
70 silly idealTree:prePrune ├── core-util-is@1.0.2
70 silly idealTree:prePrune ├── debug@2.2.0
70 silly idealTree:prePrune ├── depd@1.1.0
70 silly idealTree:prePrune ├── destroy@1.0.4
70 silly idealTree:prePrune ├── ee-first@1.1.1
70 silly idealTree:prePrune ├── es6-promise@3.0.2
70 silly idealTree:prePrune ├── escape-html@1.0.3
70 silly idealTree:prePrune ├── etag@1.7.0
70 silly idealTree:prePrune ├── express@4.13.4
70 silly idealTree:prePrune ├── finalhandler@0.4.1
70 silly idealTree:prePrune ├── forwarded@0.1.0
70 silly idealTree:prePrune ├── fresh@0.3.0
70 silly idealTree:prePrune ├── hooks-fixed@1.1.0
70 silly idealTree:prePrune ├── http-errors@1.3.1
70 silly idealTree:prePrune ├── iconv-lite@0.4.13
70 silly idealTree:prePrune ├── inherits@2.0.1
70 silly idealTree:prePrune ├── ipaddr.js@1.0.5
70 silly idealTree:prePrune ├── isarray@0.0.1
70 silly idealTree:prePrune ├── kareem@1.0.1
70 silly idealTree:prePrune ├── media-typer@0.3.0
70 silly idealTree:prePrune ├── merge-descriptors@1.0.1
70 silly idealTree:prePrune ├── methods@1.1.2
70 silly idealTree:prePrune ├── mime-db@1.22.0
70 silly idealTree:prePrune ├── mime-types@2.1.10
70 silly idealTree:prePrune ├── mime@1.3.4
70 silly idealTree:prePrune ├── mongodb-core@1.3.1
70 silly idealTree:prePrune ├── mongodb@2.1.6
70 silly idealTree:prePrune ├── mongoose@4.4.5
70 silly idealTree:prePrune ├── mpath@0.2.1
70 silly idealTree:prePrune ├── mpromise@0.5.5
70 silly idealTree:prePrune ├─┬ mquery@1.7.0
70 silly idealTree:prePrune │ └── sliced@0.0.5
70 silly idealTree:prePrune ├── ms@0.7.1
70 silly idealTree:prePrune ├── muri@1.1.0
70 silly idealTree:prePrune ├── negotiator@0.5.3
70 silly idealTree:prePrune ├── on-finished@2.3.0
70 silly idealTree:prePrune ├── parseurl@1.3.1
70 silly idealTree:prePrune ├── path-to-regexp@0.1.7
70 silly idealTree:prePrune ├── proxy-addr@1.0.10
70 silly idealTree:prePrune ├── qs@4.0.0
70 silly idealTree:prePrune ├── range-parser@1.0.3
70 silly idealTree:prePrune ├── raw-body@2.1.5
70 silly idealTree:prePrune ├── readable-stream@1.0.31
70 silly idealTree:prePrune ├── regexp-clone@0.0.1
70 silly idealTree:prePrune ├── require_optional@1.0.0
70 silly idealTree:prePrune ├── resolve-from@2.0.0
70 silly idealTree:prePrune ├── semver@5.1.0
70 silly idealTree:prePrune ├── send@0.13.1
70 silly idealTree:prePrune ├── serve-static@1.10.2
70 silly idealTree:prePrune ├── sliced@1.0.1
70 silly idealTree:prePrune ├── statuses@1.2.1
70 silly idealTree:prePrune ├── string_decoder@0.10.31
70 silly idealTree:prePrune ├── type-is@1.6.11
70 silly idealTree:prePrune ├── unpipe@1.0.0
70 silly idealTree:prePrune ├── utils-merge@1.0.0
70 silly idealTree:prePrune └── vary@1.0.1
71 silly loadIdealTree Finishing
72 silly currentTree pagebuilder@1.0.0
72 silly currentTree ├── accepts@1.2.13
72 silly currentTree ├── array-flatten@1.1.1
72 silly currentTree ├── async@1.5.2
72 silly currentTree ├── bluebird@2.9.26
72 silly currentTree ├─┬ body-parser@1.15.0
72 silly currentTree │ ├── http-errors@1.4.0
72 silly currentTree │ └── qs@6.1.0
72 silly currentTree ├── bson@0.4.21
72 silly currentTree ├── bytes@2.2.0
72 silly currentTree ├── content-disposition@0.5.1
72 silly currentTree ├── content-type@1.0.1
72 silly currentTree ├── cookie-signature@1.0.6
72 silly currentTree ├── cookie@0.1.5
72 silly currentTree ├── core-util-is@1.0.2
72 silly currentTree ├── debug@2.2.0
72 silly currentTree ├── depd@1.1.0
72 silly currentTree ├── destroy@1.0.4
72 silly currentTree ├── ee-first@1.1.1
72 silly currentTree ├── es6-promise@3.0.2
72 silly currentTree ├── escape-html@1.0.3
72 silly currentTree ├── etag@1.7.0
72 silly currentTree ├── express@4.13.4
72 silly currentTree ├── finalhandler@0.4.1
72 silly currentTree ├── forwarded@0.1.0
72 silly currentTree ├── fresh@0.3.0
72 silly currentTree ├── hooks-fixed@1.1.0
72 silly currentTree ├── http-errors@1.3.1
72 silly currentTree ├── iconv-lite@0.4.13
72 silly currentTree ├── inherits@2.0.1
72 silly currentTree ├── ipaddr.js@1.0.5
72 silly currentTree ├── isarray@0.0.1
72 silly currentTree ├── kareem@1.0.1
72 silly currentTree ├── media-typer@0.3.0
72 silly currentTree ├── merge-descriptors@1.0.1
72 silly currentTree ├── methods@1.1.2
72 silly currentTree ├── mime-db@1.22.0
72 silly currentTree ├── mime-types@2.1.10
72 silly currentTree ├── mime@1.3.4
72 silly currentTree ├── mongodb-core@1.3.1
72 silly currentTree ├── mongodb@2.1.6
72 silly currentTree ├── mongoose@4.4.5
72 silly currentTree ├── mpath@0.2.1
72 silly currentTree ├── mpromise@0.5.5
72 silly currentTree ├─┬ mquery@1.7.0
72 silly currentTree │ └── sliced@0.0.5
72 silly currentTree ├── ms@0.7.1
72 silly currentTree ├── muri@1.1.0
72 silly currentTree ├── negotiator@0.5.3
72 silly currentTree ├── on-finished@2.3.0
72 silly currentTree ├── parseurl@1.3.1
72 silly currentTree ├── path-to-regexp@0.1.7
72 silly currentTree ├── proxy-addr@1.0.10
72 silly currentTree ├── qs@4.0.0
72 silly currentTree ├── range-parser@1.0.3
72 silly currentTree ├── raw-body@2.1.5
72 silly currentTree ├── readable-stream@1.0.31
72 silly currentTree ├── regexp-clone@0.0.1
72 silly currentTree ├── require_optional@1.0.0
72 silly currentTree ├── resolve-from@2.0.0
72 silly currentTree ├── semver@5.1.0
72 silly currentTree ├── send@0.13.1
72 silly currentTree ├── serve-static@1.10.2
72 silly currentTree ├── sliced@1.0.1
72 silly currentTree ├── statuses@1.2.1
72 silly currentTree ├── string_decoder@0.10.31
72 silly currentTree ├── type-is@1.6.11
72 silly currentTree ├── unpipe@1.0.0
72 silly currentTree ├── utils-merge@1.0.0
72 silly currentTree └── vary@1.0.1
73 silly idealTree pagebuilder@1.0.0
73 silly idealTree ├── accepts@1.2.13
73 silly idealTree ├── array-flatten@1.1.1
73 silly idealTree ├── async@1.5.2
73 silly idealTree ├── base64@2.1.0
73 silly idealTree ├── bluebird@2.9.26
73 silly idealTree ├─┬ body-parser@1.15.0
73 silly idealTree │ ├── http-errors@1.4.0
73 silly idealTree │ └── qs@6.1.0
73 silly idealTree ├── bson@0.4.21
73 silly idealTree ├── bytes@2.2.0
73 silly idealTree ├── content-disposition@0.5.1
73 silly idealTree ├── content-type@1.0.1
73 silly idealTree ├── cookie-signature@1.0.6
73 silly idealTree ├── cookie@0.1.5
73 silly idealTree ├── core-util-is@1.0.2
73 silly idealTree ├── debug@2.2.0
73 silly idealTree ├── depd@1.1.0
73 silly idealTree ├── destroy@1.0.4
73 silly idealTree ├── ee-first@1.1.1
73 silly idealTree ├── es6-promise@3.0.2
73 silly idealTree ├── escape-html@1.0.3
73 silly idealTree ├── etag@1.7.0
73 silly idealTree ├── express@4.13.4
73 silly idealTree ├── finalhandler@0.4.1
73 silly idealTree ├── forwarded@0.1.0
73 silly idealTree ├── fresh@0.3.0
73 silly idealTree ├── hooks-fixed@1.1.0
73 silly idealTree ├── http-errors@1.3.1
73 silly idealTree ├── iconv-lite@0.4.13
73 silly idealTree ├── inherits@2.0.1
73 silly idealTree ├── ipaddr.js@1.0.5
73 silly idealTree ├── isarray@0.0.1
73 silly idealTree ├── kareem@1.0.1
73 silly idealTree ├── media-typer@0.3.0
73 silly idealTree ├── merge-descriptors@1.0.1
73 silly idealTree ├── methods@1.1.2
73 silly idealTree ├── mime-db@1.22.0
73 silly idealTree ├── mime-types@2.1.10
73 silly idealTree ├── mime@1.3.4
73 silly idealTree ├── mongodb-core@1.3.1
73 silly idealTree ├── mongodb@2.1.6
73 silly idealTree ├── mongoose@4.4.5
73 silly idealTree ├── mpath@0.2.1
73 silly idealTree ├── mpromise@0.5.5
73 silly idealTree ├─┬ mquery@1.7.0
73 silly idealTree │ └── sliced@0.0.5
73 silly idealTree ├── ms@0.7.1
73 silly idealTree ├── muri@1.1.0
73 silly idealTree ├── negotiator@0.5.3
73 silly idealTree ├── on-finished@2.3.0
73 silly idealTree ├── parseurl@1.3.1
73 silly idealTree ├── path-to-regexp@0.1.7
73 silly idealTree ├── proxy-addr@1.0.10
73 silly idealTree ├── qs@4.0.0
73 silly idealTree ├── range-parser@1.0.3
73 silly idealTree ├── raw-body@2.1.5
73 silly idealTree ├── readable-stream@1.0.31
73 silly idealTree ├── regexp-clone@0.0.1
73 silly idealTree ├── require_optional@1.0.0
73 silly idealTree ├── resolve-from@2.0.0
73 silly idealTree ├── semver@5.1.0
73 silly idealTree ├── send@0.13.1
73 silly idealTree ├── serve-static@1.10.2
73 silly idealTree ├── sliced@1.0.1
73 silly idealTree ├── statuses@1.2.1
73 silly idealTree ├── string_decoder@0.10.31
73 silly idealTree ├── type-is@1.6.11
73 silly idealTree ├── unpipe@1.0.0
73 silly idealTree ├── utils-merge@1.0.0
73 silly idealTree └── vary@1.0.1
74 silly generateActionsToTake Starting
75 silly install generateActionsToTake
76 silly generateActionsToTake Finishing
77 silly diffTrees action count 1
78 silly diffTrees add base64@2.1.0
79 silly decomposeActions action count 8
80 silly decomposeActions fetch base64@2.1.0
81 silly decomposeActions extract base64@2.1.0
82 silly decomposeActions test base64@2.1.0
83 silly decomposeActions preinstall base64@2.1.0
84 silly decomposeActions build base64@2.1.0
85 silly decomposeActions install base64@2.1.0
86 silly decomposeActions postinstall base64@2.1.0
87 silly decomposeActions finalize base64@2.1.0
88 silly executeActions Starting
89 silly install executeActions
90 silly doSerial global-install 0
91 silly doParallel fetch 1
92 verbose correctMkdir /Users/AndrewAxeman/.npm/_locks correctMkdir not in flight; initializing
93 verbose lock using /Users/AndrewAxeman/.npm/_locks/staging-cf037e119f6bfd27.lock for /Users/AndrewAxeman/Documents/projects/PageBuilder/node_modules/.staging
94 silly doParallel extract 1
95 silly extract base64@2.1.0
96 verbose unbuild node_modules/.staging/base64-79400704
97 silly gentlyRm /Users/AndrewAxeman/Documents/projects/PageBuilder/node_modules/.staging/base64-79400704 is being purged from base /Users/AndrewAxeman/Documents/projects/PageBuilder
98 verbose gentlyRm don't care about contents; nuking /Users/AndrewAxeman/Documents/projects/PageBuilder/node_modules/.staging/base64-79400704
99 verbose tar unpack /Users/AndrewAxeman/.npm/base64/2.1.0/package.tgz
100 verbose tar unpacking to /Users/AndrewAxeman/Documents/projects/PageBuilder/node_modules/.staging/base64-79400704
101 silly gentlyRm /Users/AndrewAxeman/Documents/projects/PageBuilder/node_modules/.staging/base64-79400704 is being purged
102 verbose gentlyRm don't care about contents; nuking /Users/AndrewAxeman/Documents/projects/PageBuilder/node_modules/.staging/base64-79400704
103 silly gunzTarPerm modes [ '755', '644' ]
104 silly gunzTarPerm extractEntry package.json
105 silly gunzTarPerm extractEntry .npmignore
106 silly gunzTarPerm extractEntry base64.cc
107 silly gunzTarPerm extractEntry readme.txt
108 silly gunzTarPerm extractEntry test/encode.js
109 silly gunzTarPerm extractEntry test/test.sh
110 silly gunzTarPerm extractEntry test/perl-base64-encode.pl
111 silly gunzTarPerm extractEntry test/hashes.json
112 silly gunzTarPerm extractEntry test/data/data-rand-11
113 silly gunzTarPerm extractEntry test/data/data-rand-06
114 silly gunzTarPerm extractEntry test/data/data-png.png
115 silly gunzTarPerm extractEntry test/data/data-rand-09
116 silly gunzTarPerm extractEntry test/data/data-rand-08
117 silly gunzTarPerm extractEntry test/data/data-rand-05
118 silly gunzTarPerm extractEntry test/data/data-rand-03
119 silly gunzTarPerm extractEntry test/data/data-rand-10
120 silly gunzTarPerm extractEntry test/data/data-rand-13
121 silly gunzTarPerm extractEntry test/data/data-rand-14
122 silly gunzTarPerm extractEntry test/data/data-rand-20
123 silly gunzTarPerm extractEntry test/data/data-source-code.c
124 silly gunzTarPerm extractEntry test/data/data-rand-07
125 silly gunzTarPerm extractEntry test/data/data-rand-02
126 silly gunzTarPerm extractEntry test/data/data-rand-01
127 silly gunzTarPerm extractEntry test/data/data-rand-15
128 silly gunzTarPerm extractEntry test/data/data-rand-18
129 silly gunzTarPerm extractEntry test/data/data-rand-04
130 silly gunzTarPerm extractEntry test/data/data-rand-17
131 silly gunzTarPerm extractEntry test/data/data-rand-12
132 silly gunzTarPerm extractEntry test/data/data-rand-19
133 silly gunzTarPerm extractEntry test/data/data-rand-16
134 silly gunzTarPerm extractEntry package.json~
135 silly gunzTarPerm extractEntry binding.gyp
136 silly gentlyRm /Users/AndrewAxeman/Documents/projects/PageBuilder/node_modules/.staging/base64-79400704/node_modules is being purged
137 verbose gentlyRm don't care about contents; nuking /Users/AndrewAxeman/Documents/projects/PageBuilder/node_modules/.staging/base64-79400704/node_modules
138 silly doParallel preinstall 1
139 silly preinstall base64@2.1.0 /Users/AndrewAxeman/Documents/projects/PageBuilder/node_modules/.staging/base64-79400704
140 info lifecycle base64@2.1.0~preinstall: base64@2.1.0
141 silly lifecycle base64@2.1.0~preinstall: no script for preinstall, continuing
142 silly doReverseSerial remove 0
143 silly doSerial move 0
144 silly doSerial finalize 1
145 silly finalize /Users/AndrewAxeman/Documents/projects/PageBuilder/node_modules/base64
146 silly doSerial build 1
147 silly build base64@2.1.0
148 info linkStuff base64@2.1.0
149 silly linkStuff base64@2.1.0 has /Users/AndrewAxeman/Documents/projects/PageBuilder/node_modules as its parent node_modules
150 verbose linkBins base64@2.1.0
151 verbose linkMans base64@2.1.0
152 silly doSerial global-link 0
153 silly doParallel update-linked 0
154 silly doSerial install 1
155 silly install base64@2.1.0 /Users/AndrewAxeman/Documents/projects/PageBuilder/node_modules/.staging/base64-79400704
156 info lifecycle base64@2.1.0~install: base64@2.1.0
157 verbose lifecycle base64@2.1.0~install: unsafe-perm in lifecycle true
158 verbose lifecycle base64@2.1.0~install: PATH: /usr/local/lib/node_modules/npm/bin/node-gyp-bin:/Users/AndrewAxeman/Documents/projects/PageBuilder/node_modules/base64/node_modules/.bin:/Users/AndrewAxeman/Documents/projects/PageBuilder/node_modules/.bin:/usr/local/bin:/usr/bin:/bin:/usr/sbin:/sbin:/usr/local/git/bin
159 verbose lifecycle base64@2.1.0~install: CWD: /Users/AndrewAxeman/Documents/projects/PageBuilder/node_modules/base64
160 silly lifecycle base64@2.1.0~install: Args: [ '-c', 'node-gyp rebuild' ]
161 silly lifecycle base64@2.1.0~install: Returned: code: 1  signal: null
162 info lifecycle base64@2.1.0~install: Failed to exec install script
163 verbose unlock done using /Users/AndrewAxeman/.npm/_locks/staging-cf037e119f6bfd27.lock for /Users/AndrewAxeman/Documents/projects/PageBuilder/node_modules/.staging
164 silly rollbackFailedOptional Starting
165 silly rollbackFailedOptional Finishing
166 silly runTopLevelLifecycles Starting
167 silly runTopLevelLifecycles Finishing
168 silly install printInstalled
169 warn pagebuilder@1.0.0 No description
170 verbose stack Error: base64@2.1.0 install: `node-gyp rebuild`
170 verbose stack Exit status 1
170 verbose stack     at EventEmitter.<anonymous> (/usr/local/lib/node_modules/npm/lib/utils/lifecycle.js:232:16)
170 verbose stack     at emitTwo (events.js:87:13)
170 verbose stack     at EventEmitter.emit (events.js:172:7)
170 verbose stack     at ChildProcess.<anonymous> (/usr/local/lib/node_modules/npm/lib/utils/spawn.js:24:14)
170 verbose stack     at emitTwo (events.js:87:13)
170 verbose stack     at ChildProcess.emit (events.js:172:7)
170 verbose stack     at maybeClose (internal/child_process.js:818:16)
170 verbose stack     at Process.ChildProcess._handle.onexit (internal/child_process.js:211:5)
171 verbose pkgid base64@2.1.0
172 verbose cwd /Users/AndrewAxeman/Documents/projects/PageBuilder/app
173 error Darwin 14.5.0
174 error argv "/usr/local/bin/node" "/usr/local/bin/npm" "install" "base64"
175 error node v4.1.2
176 error npm  v3.6.0
177 error code ELIFECYCLE
178 error base64@2.1.0 install: `node-gyp rebuild`
178 error Exit status 1
179 error Failed at the base64@2.1.0 install script 'node-gyp rebuild'.
179 error Make sure you have the latest version of node.js and npm installed.
179 error If you do, this is most likely a problem with the base64 package,
179 error not with npm itself.
179 error Tell the author that this fails on your system:
179 error     node-gyp rebuild
179 error You can get information on how to open an issue for this project with:
179 error     npm bugs base64
179 error Or if that isn't available, you can get their info via:
179 error     npm owner ls base64
179 error There is likely additional logging output above.
180 verbose exit [ 1, true ]
